{"/Users/mac/Documents/Working/Mywork/Zalora/twit-split/src/App.js": {"path":"/Users/mac/Documents/Working/Mywork/Zalora/twit-split/src/App.js","statementMap":{"0":{"start":{"line":6,"column":4},"end":{"line":8,"column":6}}},"fnMap":{"0":{"name":"(anonymous_0)","decl":{"start":{"line":5,"column":2},"end":{"line":5,"column":3}},"loc":{"start":{"line":5,"column":11},"end":{"line":9,"column":3}},"line":5}},"branchMap":{},"s":{"0":6},"f":{"0":6},"b":{},"_coverageSchema":"332fd63041d2c1bcb487cc26dd0d5f7d97098a6c","hash":"a527f19b355c616a04216050bc88160570293ca2"}
,"/Users/mac/Documents/Working/Mywork/Zalora/twit-split/src/component/SendMessage.js": {"path":"/Users/mac/Documents/Working/Mywork/Zalora/twit-split/src/component/SendMessage.js","statementMap":{"0":{"start":{"line":7,"column":4},"end":{"line":7,"column":17}},"1":{"start":{"line":8,"column":4},"end":{"line":8,"column":78}},"2":{"start":{"line":9,"column":4},"end":{"line":9,"column":42}},"3":{"start":{"line":13,"column":4},"end":{"line":13,"column":96}},"4":{"start":{"line":17,"column":21},"end":{"line":17,"column":39}},"5":{"start":{"line":19,"column":4},"end":{"line":25,"column":5}},"6":{"start":{"line":20,"column":25},"end":{"line":20,"column":49}},"7":{"start":{"line":21,"column":6},"end":{"line":21,"column":89}},"8":{"start":{"line":23,"column":6},"end":{"line":23,"column":70}},"9":{"start":{"line":24,"column":6},"end":{"line":24,"column":40}},"10":{"start":{"line":29,"column":4},"end":{"line":51,"column":5}},"11":{"start":{"line":55,"column":4},"end":{"line":67,"column":5}},"12":{"start":{"line":57,"column":6},"end":{"line":66,"column":7}},"13":{"start":{"line":71,"column":4},"end":{"line":94,"column":5}},"14":{"start":{"line":72,"column":6},"end":{"line":72,"column":13}},"15":{"start":{"line":74,"column":9},"end":{"line":94,"column":5}},"16":{"start":{"line":75,"column":6},"end":{"line":79,"column":7}},"17":{"start":{"line":81,"column":9},"end":{"line":94,"column":5}},"18":{"start":{"line":82,"column":6},"end":{"line":93,"column":7}},"19":{"start":{"line":87,"column":14},"end":{"line":89,"column":19}},"20":{"start":{"line":98,"column":4},"end":{"line":104,"column":6}}},"fnMap":{"0":{"name":"(anonymous_0)","decl":{"start":{"line":6,"column":2},"end":{"line":6,"column":3}},"loc":{"start":{"line":6,"column":21},"end":{"line":10,"column":3}},"line":6},"1":{"name":"(anonymous_1)","decl":{"start":{"line":12,"column":17},"end":{"line":12,"column":18}},"loc":{"start":{"line":12,"column":28},"end":{"line":14,"column":3}},"line":12},"2":{"name":"(anonymous_2)","decl":{"start":{"line":16,"column":16},"end":{"line":16,"column":17}},"loc":{"start":{"line":16,"column":22},"end":{"line":26,"column":3}},"line":16},"3":{"name":"(anonymous_3)","decl":{"start":{"line":28,"column":23},"end":{"line":28,"column":24}},"loc":{"start":{"line":28,"column":29},"end":{"line":52,"column":3}},"line":28},"4":{"name":"(anonymous_4)","decl":{"start":{"line":54,"column":21},"end":{"line":54,"column":22}},"loc":{"start":{"line":54,"column":27},"end":{"line":68,"column":3}},"line":54},"5":{"name":"(anonymous_5)","decl":{"start":{"line":70,"column":22},"end":{"line":70,"column":23}},"loc":{"start":{"line":70,"column":28},"end":{"line":95,"column":3}},"line":70},"6":{"name":"(anonymous_6)","decl":{"start":{"line":86,"column":41},"end":{"line":86,"column":42}},"loc":{"start":{"line":87,"column":14},"end":{"line":89,"column":19}},"line":87},"7":{"name":"(anonymous_7)","decl":{"start":{"line":97,"column":2},"end":{"line":97,"column":3}},"loc":{"start":{"line":97,"column":11},"end":{"line":105,"column":3}},"line":97}},"branchMap":{"0":{"loc":{"start":{"line":43,"column":57},"end":{"line":43,"column":88}},"type":"cond-expr","locations":[{"start":{"line":43,"column":76},"end":{"line":43,"column":83}},{"start":{"line":43,"column":86},"end":{"line":43,"column":88}}],"line":43},"1":{"loc":{"start":{"line":48,"column":28},"end":{"line":48,"column":68}},"type":"cond-expr","locations":[{"start":{"line":48,"column":56},"end":{"line":48,"column":60}},{"start":{"line":48,"column":63},"end":{"line":48,"column":68}}],"line":48},"2":{"loc":{"start":{"line":55,"column":4},"end":{"line":67,"column":5}},"type":"if","locations":[{"start":{"line":55,"column":4},"end":{"line":67,"column":5}},{"start":{"line":55,"column":4},"end":{"line":67,"column":5}}],"line":55},"3":{"loc":{"start":{"line":55,"column":8},"end":{"line":55,"column":50}},"type":"binary-expr","locations":[{"start":{"line":55,"column":8},"end":{"line":55,"column":25}},{"start":{"line":55,"column":29},"end":{"line":55,"column":50}}],"line":55},"4":{"loc":{"start":{"line":71,"column":4},"end":{"line":94,"column":5}},"type":"if","locations":[{"start":{"line":71,"column":4},"end":{"line":94,"column":5}},{"start":{"line":71,"column":4},"end":{"line":94,"column":5}}],"line":71},"5":{"loc":{"start":{"line":74,"column":9},"end":{"line":94,"column":5}},"type":"if","locations":[{"start":{"line":74,"column":9},"end":{"line":94,"column":5}},{"start":{"line":74,"column":9},"end":{"line":94,"column":5}}],"line":74},"6":{"loc":{"start":{"line":81,"column":9},"end":{"line":94,"column":5}},"type":"if","locations":[{"start":{"line":81,"column":9},"end":{"line":94,"column":5}},{"start":{"line":81,"column":9},"end":{"line":94,"column":5}}],"line":81}},"s":{"0":10,"1":10,"2":10,"3":7,"4":6,"5":6,"6":6,"7":4,"8":2,"9":2,"10":23,"11":23,"12":4,"13":23,"14":2,"15":21,"16":2,"17":19,"18":2,"19":4,"20":23},"f":{"0":10,"1":7,"2":6,"3":23,"4":23,"5":23,"6":4,"7":23},"b":{"0":[2,21],"1":[14,9],"2":[4,19],"3":[23,21],"4":[2,21],"5":[2,19],"6":[2,17]},"_coverageSchema":"332fd63041d2c1bcb487cc26dd0d5f7d97098a6c","hash":"e717b91b31cb93218daa14d5b02988768c349f51"}
,"/Users/mac/Documents/Working/Mywork/Zalora/twit-split/src/logic/TwitMessage.js": {"path":"/Users/mac/Documents/Working/Mywork/Zalora/twit-split/src/logic/TwitMessage.js","statementMap":{"0":{"start":{"line":1,"column":26},"end":{"line":1,"column":28}},"1":{"start":{"line":4,"column":27},"end":{"line":4,"column":63}},"2":{"start":{"line":4,"column":44},"end":{"line":4,"column":63}},"3":{"start":{"line":7,"column":28},"end":{"line":39,"column":1}},"4":{"start":{"line":8,"column":26},"end":{"line":8,"column":28}},"5":{"start":{"line":10,"column":24},"end":{"line":10,"column":31}},"6":{"start":{"line":11,"column":21},"end":{"line":11,"column":22}},"7":{"start":{"line":12,"column":27},"end":{"line":12,"column":92}},"8":{"start":{"line":14,"column":4},"end":{"line":33,"column":5}},"9":{"start":{"line":16,"column":24},"end":{"line":16,"column":72}},"10":{"start":{"line":18,"column":8},"end":{"line":29,"column":9}},"11":{"start":{"line":20,"column":12},"end":{"line":22,"column":14}},"12":{"start":{"line":25,"column":33},"end":{"line":25,"column":64}},"13":{"start":{"line":26,"column":12},"end":{"line":26,"column":45}},"14":{"start":{"line":28,"column":12},"end":{"line":28,"column":61}},"15":{"start":{"line":31,"column":8},"end":{"line":31,"column":21}},"16":{"start":{"line":32,"column":8},"end":{"line":32,"column":93}},"17":{"start":{"line":36,"column":4},"end":{"line":36,"column":38}},"18":{"start":{"line":38,"column":4},"end":{"line":38,"column":25}},"19":{"start":{"line":41,"column":28},"end":{"line":79,"column":1}},"20":{"start":{"line":42,"column":17},"end":{"line":42,"column":31}},"21":{"start":{"line":43,"column":4},"end":{"line":78,"column":5}},"22":{"start":{"line":44,"column":8},"end":{"line":44,"column":25}},"23":{"start":{"line":49,"column":30},"end":{"line":49,"column":61}},"24":{"start":{"line":50,"column":28},"end":{"line":50,"column":78}},"25":{"start":{"line":51,"column":8},"end":{"line":57,"column":9}},"26":{"start":{"line":55,"column":34},"end":{"line":55,"column":93}},"27":{"start":{"line":56,"column":12},"end":{"line":56,"column":78}},"28":{"start":{"line":60,"column":28},"end":{"line":60,"column":71}},"29":{"start":{"line":62,"column":25},"end":{"line":62,"column":45}},"30":{"start":{"line":63,"column":8},"end":{"line":70,"column":9}},"31":{"start":{"line":67,"column":12},"end":{"line":67,"column":39}},"32":{"start":{"line":68,"column":12},"end":{"line":68,"column":72}},"33":{"start":{"line":69,"column":12},"end":{"line":69,"column":46}},"34":{"start":{"line":73,"column":8},"end":{"line":75,"column":9}},"35":{"start":{"line":74,"column":12},"end":{"line":74,"column":88}},"36":{"start":{"line":77,"column":8},"end":{"line":77,"column":29}}},"fnMap":{"0":{"name":"(anonymous_0)","decl":{"start":{"line":4,"column":27},"end":{"line":4,"column":28}},"loc":{"start":{"line":4,"column":44},"end":{"line":4,"column":63}},"line":4},"1":{"name":"(anonymous_1)","decl":{"start":{"line":7,"column":28},"end":{"line":7,"column":29}},"loc":{"start":{"line":7,"column":56},"end":{"line":39,"column":1}},"line":7},"2":{"name":"(anonymous_2)","decl":{"start":{"line":41,"column":28},"end":{"line":41,"column":29}},"loc":{"start":{"line":41,"column":41},"end":{"line":79,"column":1}},"line":41}},"branchMap":{"0":{"loc":{"start":{"line":18,"column":8},"end":{"line":29,"column":9}},"type":"if","locations":[{"start":{"line":18,"column":8},"end":{"line":29,"column":9}},{"start":{"line":18,"column":8},"end":{"line":29,"column":9}}],"line":18},"1":{"loc":{"start":{"line":43,"column":4},"end":{"line":78,"column":5}},"type":"if","locations":[{"start":{"line":43,"column":4},"end":{"line":78,"column":5}},{"start":{"line":43,"column":4},"end":{"line":78,"column":5}}],"line":43},"2":{"loc":{"start":{"line":51,"column":8},"end":{"line":57,"column":9}},"type":"if","locations":[{"start":{"line":51,"column":8},"end":{"line":57,"column":9}},{"start":{"line":51,"column":8},"end":{"line":57,"column":9}}],"line":51},"3":{"loc":{"start":{"line":63,"column":15},"end":{"line":64,"column":103}},"type":"binary-expr","locations":[{"start":{"line":63,"column":16},"end":{"line":63,"column":42}},{"start":{"line":64,"column":16},"end":{"line":64,"column":102}}],"line":63}},"s":{"0":3,"1":3,"2":889,"3":3,"4":22,"5":22,"6":22,"7":22,"8":22,"9":429,"10":429,"11":5,"12":424,"13":424,"14":424,"15":424,"16":424,"17":17,"18":17,"19":3,"20":27,"21":27,"22":8,"23":19,"24":19,"25":19,"26":6,"27":6,"28":19,"29":14,"30":14,"31":3,"32":3,"33":3,"34":14,"35":406,"36":14},"f":{"0":889,"1":22,"2":27},"b":{"0":[5,424],"1":[8,19],"2":[6,13],"3":[17,6]},"_coverageSchema":"332fd63041d2c1bcb487cc26dd0d5f7d97098a6c","hash":"1d8d7dddbf933e30592777886d171503dfec0ce8"}
}
