TN:
SF:/Users/mac/Documents/Working/Mywork/Zalora/twit-split/src/App.js
FN:5,(anonymous_0)
FNF:1
FNH:1
FNDA:6,(anonymous_0)
DA:6,6
LF:1
LH:1
BRF:0
BRH:0
end_of_record
TN:
SF:/Users/mac/Documents/Working/Mywork/Zalora/twit-split/src/component/SendMessage.js
FN:6,(anonymous_0)
FN:12,(anonymous_1)
FN:16,(anonymous_2)
FN:28,(anonymous_3)
FN:54,(anonymous_4)
FN:70,(anonymous_5)
FN:86,(anonymous_6)
FN:97,(anonymous_7)
FNF:8
FNH:8
FNDA:10,(anonymous_0)
FNDA:7,(anonymous_1)
FNDA:6,(anonymous_2)
FNDA:23,(anonymous_3)
FNDA:23,(anonymous_4)
FNDA:23,(anonymous_5)
FNDA:4,(anonymous_6)
FNDA:23,(anonymous_7)
DA:7,10
DA:8,10
DA:9,10
DA:13,7
DA:17,6
DA:19,6
DA:20,6
DA:21,4
DA:23,2
DA:24,2
DA:29,23
DA:55,23
DA:57,4
DA:71,23
DA:72,2
DA:74,21
DA:75,2
DA:81,19
DA:82,2
DA:87,4
DA:98,23
LF:21
LH:21
BRDA:43,0,0,2
BRDA:43,0,1,21
BRDA:48,1,0,14
BRDA:48,1,1,9
BRDA:55,2,0,4
BRDA:55,2,1,19
BRDA:55,3,0,23
BRDA:55,3,1,21
BRDA:71,4,0,2
BRDA:71,4,1,21
BRDA:74,5,0,2
BRDA:74,5,1,19
BRDA:81,6,0,2
BRDA:81,6,1,17
BRF:14
BRH:14
end_of_record
TN:
SF:/Users/mac/Documents/Working/Mywork/Zalora/twit-split/src/logic/TwitMessage.js
FN:4,(anonymous_0)
FN:7,(anonymous_1)
FN:41,(anonymous_2)
FNF:3
FNH:3
FNDA:889,(anonymous_0)
FNDA:22,(anonymous_1)
FNDA:27,(anonymous_2)
DA:1,3
DA:4,889
DA:7,3
DA:8,22
DA:10,22
DA:11,22
DA:12,22
DA:14,22
DA:16,429
DA:18,429
DA:20,5
DA:25,424
DA:26,424
DA:28,424
DA:31,424
DA:32,424
DA:36,17
DA:38,17
DA:41,3
DA:42,27
DA:43,27
DA:44,8
DA:49,19
DA:50,19
DA:51,19
DA:55,6
DA:56,6
DA:60,19
DA:62,14
DA:63,14
DA:67,3
DA:68,3
DA:69,3
DA:73,14
DA:74,406
DA:77,14
LF:36
LH:36
BRDA:18,0,0,5
BRDA:18,0,1,424
BRDA:43,1,0,8
BRDA:43,1,1,19
BRDA:51,2,0,6
BRDA:51,2,1,13
BRDA:63,3,0,17
BRDA:63,3,1,6
BRF:8
BRH:8
end_of_record
